commit 3d957df014a376c68205edba98b71a824ab6de64
Author: Frank Suarez <fsuarez2007@gmail.com>
Date:   Mon Oct 17 12:07:37 2011 -0400

    added gitignore to master branch

commit d6ee4fd1c565c1eb41689372526e5b345df4206c
Author: unknown <Frank@.(none)>
Date:   Sun Oct 16 13:44:59 2011 -0400

    added street names

commit 60ff3c0a2a945908b871b3bd03b31cacddce7737
Merge: fb9cf98 a432c8d
Author: Frank Suarez <fsuarez2007@gmail.com>
Date:   Thu Oct 13 02:40:35 2011 -0400

    Merge branch 'master' of https://github.com/nathanmentley/cosc481-frank-placemap into nathan

commit fb9cf98ec9eed25084c8e7bcd84452f48b713bb9
Author: Frank Suarez <fsuarez2007@gmail.com>
Date:   Thu Oct 13 02:37:16 2011 -0400

    added entities to be used instead of generic data structures
    
    doc/groupproject.pdf
    project assignment from emuonline
    
    org/placemap/datasource/MapQuest.java
    getRoutes now returns org.placemap.entity.Route which can contain better defined attributes.
    
    org/placemap/tests/PlacesOnRoute.java
    updated to use entities

commit a432c8dbd21eb372352c99a668824933cd3f2644
Merge: 1394717 576cf9c
Author: Nathan Mentley <nathanmentley@gmail.com>
Date:   Wed Oct 12 16:02:43 2011 -0700

    Merge pull request #1 from fsuarez2005/master
    
    Made an update

commit 576cf9cda708d0f79cf49b147c20c7eb6fa01083
Author: Frank Suarez <fsuarez2007@gmail.com>
Date:   Wed Oct 12 16:20:16 2011 -0400

    included Configuration example file

commit 137162538845bd08376820fdc4fec7f449abec1d
Merge: 14e6286 1394717
Author: Frank Suarez <fsuarez2007@gmail.com>
Date:   Wed Oct 12 14:48:09 2011 -0400

    Merge branch 'master' of https://github.com/nathanmentley/cosc481-frank-placemap into nathan1

commit 13947175ec5db3c70052c9e0bbdf42554be5797d
Author: Nathan Mentley <nathanmentley@gmail.com>
Date:   Wed Oct 12 12:35:56 2011 -0400

    Week one documents added to the docs folder in RTF format.

commit 287381f023d10333cdb524539b99bdd84c671e98
Author: Nathan Mentley <nathanmentley@gmail.com>
Date:   Wed Oct 12 11:19:30 2011 -0400

    I've added cityname to lng,lat code inside the GooglePlaces datasource. It uses a local database I'm using and I've included it directly in the GooglePlaces class. Those are hackish and totally not acceptable for final code. I know, but I simply did it this way because we will probably only need this portion of code for the first program delivery Dr.Keller asked for. Past that we can use the code frank wrote in the PlacesOnRoute.java file.

commit 14e628644772bea3dc56f0d314a7146c6aed40b4
Author: Frank Suarez <fsuarez2007@gmail.com>
Date:   Tue Oct 11 22:10:20 2011 -0400

    Updated Manifest

commit 5c34b188eca4f3f2b81cf70babd58bbac5d5a0ed
Author: Frank Suarez <fsuarez2007@gmail.com>
Date:   Tue Oct 11 22:06:45 2011 -0400

    Updated README

commit 7ed9edbc21344062bc7b1da02540d309eabf4592
Author: Frank Suarez <fsuarez2007@gmail.com>
Date:   Tue Oct 11 22:02:44 2011 -0400

    Added PlacesOnMap app

commit a9bd23ae40eb25afb1917af72aef19ce8ede04b7
Author: Frank Suarez <fsuarez2007@gmail.com>
Date:   Tue Oct 11 18:52:23 2011 -0400

    Fixed google test

commit db399bf2212371ea380041b655c3d519f9c95dc5
Author: Frank Suarez <fsuarez2007@gmail.com>
Date:   Tue Oct 11 18:03:43 2011 -0400

    Added Nathans Googe Places code and made a test app for it.

commit 436edf9209a02d93e56a29a2700b5533b5cd4cf0
Author: Frank Suarez <fsuarez2007@gmail.com>
Date:   Tue Oct 11 17:05:13 2011 -0400

    Initial commit
